# JRE version: OpenJDK Runtime Environment (8.0_152-b06) (build 1.8.0_152-release-1136-b06)
# Java VM: OpenJDK 64-Bit Server VM (25.152-b06 mixed mode windows-amd64 compressed oops)
Heap:
 PSYoungGen      total 407040K, used 336199K [0x00000000e0000000, 0x0000000100000000, 0x0000000100000000)
  eden space 339968K, 79% used [0x00000000e0000000,0x00000000f077da88,0x00000000f4c00000)
  from space 67072K, 98% used [0x00000000f4c00000,0x00000000f8cd4390,0x00000000f8d80000)
  to   space 77824K, 0% used [0x00000000fb400000,0x00000000fb400000,0x0000000100000000)
 ParOldGen       total 134144K, used 80490K [0x00000000a0000000, 0x00000000a8300000, 0x00000000e0000000)
  object space 134144K, 60% used [0x00000000a0000000,0x00000000a4e9a880,0x00000000a8300000)
 Metaspace       used 91856K, capacity 97626K, committed 97792K, reserved 1134592K
  class space    used 11612K, capacity 12690K, committed 12800K, reserved 1048576K
GC Heap History (10 events):
Event: 2234.189 GC heap before
{Heap before GC invocations=31 (full 4):
 PSYoungGen      total 266752K, used 261164K [0x00000000e0000000, 0x00000000f3500000, 0x0000000100000000)
  eden space 227328K, 100% used [0x00000000e0000000,0x00000000ede00000,0x00000000ede00000)
  from space 39424K, 85% used [0x00000000f0e80000,0x00000000f2f8b270,0x00000000f3500000)
  to   space 44544K, 0% used [0x00000000ede00000,0x00000000ede00000,0x00000000f0980000)
 ParOldGen       total 134144K, used 50982K [0x00000000a0000000, 0x00000000a8300000, 0x00000000e0000000)
  object space 134144K, 38% used [0x00000000a0000000,0x00000000a31c9858,0x00000000a8300000)
 Metaspace       used 90136K, capacity 94632K, committed 94720K, reserved 1132544K
  class space    used 11364K, capacity 12249K, committed 12288K, reserved 1048576K
Event: 2235.414 GC heap after
Heap after GC invocations=31 (full 4):
 PSYoungGen      total 271872K, used 44528K [0x00000000e0000000, 0x00000000f8480000, 0x0000000100000000)
  eden space 227328K, 0% used [0x00000000e0000000,0x00000000e0000000,0x00000000ede00000)
  from space 44544K, 99% used [0x00000000ede00000,0x00000000f097c0e8,0x00000000f0980000)
  to   space 57856K, 0% used [0x00000000f4c00000,0x00000000f4c00000,0x00000000f8480000)
 ParOldGen       total 134144K, used 66987K [0x00000000a0000000, 0x00000000a8300000, 0x00000000e0000000)
  object space 134144K, 49% used [0x00000000a0000000,0x00000000a416aeb8,0x00000000a8300000)
 Metaspace       used 90136K, capacity 94632K, committed 94720K, reserved 1132544K
  class space    used 11364K, capacity 12249K, committed 12288K, reserved 1048576K
}
Event: 2244.517 GC heap before
{Heap before GC invocations=32 (full 4):
 PSYoungGen      total 271872K, used 271856K [0x00000000e0000000, 0x00000000f8480000, 0x0000000100000000)
  eden space 227328K, 100% used [0x00000000e0000000,0x00000000ede00000,0x00000000ede00000)
  from space 44544K, 99% used [0x00000000ede00000,0x00000000f097c0e8,0x00000000f0980000)
  to   space 57856K, 0% used [0x00000000f4c00000,0x00000000f4c00000,0x00000000f8480000)
 ParOldGen       total 134144K, used 66987K [0x00000000a0000000, 0x00000000a8300000, 0x00000000e0000000)
  object space 134144K, 49% used [0x00000000a0000000,0x00000000a416aeb8,0x00000000a8300000)
 Metaspace       used 90429K, capacity 95024K, committed 95360K, reserved 1132544K
  class space    used 11404K, capacity 12315K, committed 12416K, reserved 1048576K
Event: 2244.674 GC heap after
Heap after GC invocations=32 (full 4):
 PSYoungGen      total 336384K, used 40640K [0x00000000e0000000, 0x00000000f8980000, 0x0000000100000000)
  eden space 278528K, 0% used [0x00000000e0000000,0x00000000e0000000,0x00000000f1000000)
  from space 57856K, 70% used [0x00000000f4c00000,0x00000000f73b00f0,0x00000000f8480000)
  to   space 61440K, 0% used [0x00000000f1000000,0x00000000f1000000,0x00000000f4c00000)
 ParOldGen       total 134144K, used 67163K [0x00000000a0000000, 0x00000000a8300000, 0x00000000e0000000)
  object space 134144K, 50% used [0x00000000a0000000,0x00000000a4196ec8,0x00000000a8300000)
 Metaspace       used 90429K, capacity 95024K, committed 95360K, reserved 1132544K
  class space    used 11404K, capacity 12315K, committed 12416K, reserved 1048576K
}
Event: 2250.474 GC heap before
{Heap before GC invocations=33 (full 4):
 PSYoungGen      total 336384K, used 318402K [0x00000000e0000000, 0x00000000f8980000, 0x0000000100000000)
  eden space 278528K, 99% used [0x00000000e0000000,0x00000000f0f40780,0x00000000f1000000)
  from space 57856K, 70% used [0x00000000f4c00000,0x00000000f73b00f0,0x00000000f8480000)
  to   space 61440K, 0% used [0x00000000f1000000,0x00000000f1000000,0x00000000f4c00000)
 ParOldGen       total 134144K, used 67163K [0x00000000a0000000, 0x00000000a8300000, 0x00000000e0000000)
  object space 134144K, 50% used [0x00000000a0000000,0x00000000a4196ec8,0x00000000a8300000)
 Metaspace       used 90561K, capacity 95228K, committed 95360K, reserved 1132544K
  class space    used 11416K, capacity 12329K, committed 12416K, reserved 1048576K
Event: 2250.558 GC heap after
Heap after GC invocations=33 (full 4):
 PSYoungGen      total 339968K, used 45520K [0x00000000e0000000, 0x00000000fce00000, 0x0000000100000000)
  eden space 278528K, 0% used [0x00000000e0000000,0x00000000e0000000,0x00000000f1000000)
  from space 61440K, 74% used [0x00000000f1000000,0x00000000f3c74000,0x00000000f4c00000)
  to   space 66048K, 0% used [0x00000000f8d80000,0x00000000f8d80000,0x00000000fce00000)
 ParOldGen       total 134144K, used 67427K [0x00000000a0000000, 0x00000000a8300000, 0x00000000e0000000)
  object space 134144K, 50% used [0x00000000a0000000,0x00000000a41d8ed8,0x00000000a8300000)
 Metaspace       used 90561K, capacity 95228K, committed 95360K, reserved 1132544K
  class space    used 11416K, capacity 12329K, committed 12416K, reserved 1048576K
}
Event: 2250.625 GC heap before
{Heap before GC invocations=34 (full 4):
 PSYoungGen      total 339968K, used 323775K [0x00000000e0000000, 0x00000000fce00000, 0x0000000100000000)
  eden space 278528K, 99% used [0x00000000e0000000,0x00000000f0fbbde0,0x00000000f1000000)
  from space 61440K, 74% used [0x00000000f1000000,0x00000000f3c74000,0x00000000f4c00000)
  to   space 66048K, 0% used [0x00000000f8d80000,0x00000000f8d80000,0x00000000fce00000)
 ParOldGen       total 134144K, used 67427K [0x00000000a0000000, 0x00000000a8300000, 0x00000000e0000000)
  object space 134144K, 50% used [0x00000000a0000000,0x00000000a41d8ed8,0x00000000a8300000)
 Metaspace       used 90565K, capacity 95228K, committed 95360K, reserved 1132544K
  class space    used 11416K, capacity 12329K, committed 12416K, reserved 1048576K
Event: 2250.736 GC heap after
Heap after GC invocations=34 (full 4):
 PSYoungGen      total 406016K, used 39696K [0x00000000e0000000, 0x00000000fe100000, 0x0000000100000000)
  eden space 339968K, 0% used [0x00000000e0000000,0x00000000e0000000,0x00000000f4c00000)
  from space 66048K, 60% used [0x00000000f8d80000,0x00000000fb444020,0x00000000fce00000)
  to   space 67072K, 0% used [0x00000000f4c00000,0x00000000f4c00000,0x00000000f8d80000)
 ParOldGen       total 134144K, used 67911K [0x00000000a0000000, 0x00000000a8300000, 0x00000000e0000000)
  object space 134144K, 50% used [0x00000000a0000000,0x00000000a4251ef8,0x00000000a8300000)
 Metaspace       used 90565K, capacity 95228K, committed 95360K, reserved 1132544K
  class space    used 11416K, capacity 12329K, committed 12416K, reserved 1048576K
}
Event: 2890.068 GC heap before
{Heap before GC invocations=35 (full 4):
 PSYoungGen      total 406016K, used 379664K [0x00000000e0000000, 0x00000000fe100000, 0x0000000100000000)
  eden space 339968K, 100% used [0x00000000e0000000,0x00000000f4c00000,0x00000000f4c00000)
  from space 66048K, 60% used [0x00000000f8d80000,0x00000000fb444020,0x00000000fce00000)
  to   space 67072K, 0% used [0x00000000f4c00000,0x00000000f4c00000,0x00000000f8d80000)
 ParOldGen       total 134144K, used 67911K [0x00000000a0000000, 0x00000000a8300000, 0x00000000e0000000)
  object space 134144K, 50% used [0x00000000a0000000,0x00000000a4251ef8,0x00000000a8300000)
 Metaspace       used 90808K, capacity 95476K, committed 95616K, reserved 1132544K
  class space    used 11426K, capacity 12337K, committed 12416K, reserved 1048576K
Event: 2891.215 GC heap after
Heap after GC invocations=35 (full 4):
 PSYoungGen      total 407040K, used 66384K [0x00000000e0000000, 0x0000000100000000, 0x0000000100000000)
  eden space 339968K, 0% used [0x00000000e0000000,0x00000000e0000000,0x00000000f4c00000)
  from space 67072K, 98% used [0x00000000f4c00000,0x00000000f8cd4390,0x00000000f8d80000)
  to   space 77824K, 0% used [0x00000000fb400000,0x00000000fb400000,0x0000000100000000)
 ParOldGen       total 134144K, used 80490K [0x00000000a0000000, 0x00000000a8300000, 0x00000000e0000000)
  object space 134144K, 60% used [0x00000000a0000000,0x00000000a4e9a880,0x00000000a8300000)
 Metaspace       used 90808K, capacity 95476K, committed 95616K, reserved 1132544K
  class space    used 11426K, capacity 12337K, committed 12416K, reserved 1048576K
}

