# JRE version: OpenJDK Runtime Environment (8.0_152-b06) (build 1.8.0_152-release-1136-b06)
# Java VM: OpenJDK 64-Bit Server VM (25.152-b06 mixed mode windows-amd64 compressed oops)
Heap:
 PSYoungGen      total 452608K, used 307744K [0x00000000e0000000, 0x0000000100000000, 0x0000000100000000)
  eden space 395776K, 77% used [0x00000000e0000000,0x00000000f2c880d8,0x00000000f8280000)
  from space 56832K, 0% used [0x00000000f8280000,0x00000000f8280000,0x00000000fba00000)
  to   space 55808K, 0% used [0x00000000fc980000,0x00000000fc980000,0x0000000100000000)
 ParOldGen       total 126976K, used 46251K [0x00000000a0000000, 0x00000000a7c00000, 0x00000000e0000000)
  object space 126976K, 36% used [0x00000000a0000000,0x00000000a2d2ac18,0x00000000a7c00000)
 Metaspace       used 91088K, capacity 94620K, committed 96128K, reserved 1132544K
  class space    used 11557K, capacity 12360K, committed 12672K, reserved 1048576K
GC Heap History (10 events):
Event: 182.226 GC heap before
{Heap before GC invocations=21 (full 3):
 PSYoungGen      total 302592K, used 302582K [0x00000000e0000000, 0x00000000f8200000, 0x0000000100000000)
  eden space 269312K, 100% used [0x00000000e0000000,0x00000000f0700000,0x00000000f0700000)
  from space 33280K, 99% used [0x00000000f0700000,0x00000000f277d878,0x00000000f2780000)
  to   space 46592K, 0% used [0x00000000f5480000,0x00000000f5480000,0x00000000f8200000)
 ParOldGen       total 98304K, used 63134K [0x00000000a0000000, 0x00000000a6000000, 0x00000000e0000000)
  object space 98304K, 64% used [0x00000000a0000000,0x00000000a3da7b90,0x00000000a6000000)
 Metaspace       used 76640K, capacity 79546K, committed 79744K, reserved 1118208K
  class space    used 9963K, capacity 10574K, committed 10624K, reserved 1048576K
Event: 182.350 GC heap after
Heap after GC invocations=21 (full 3):
 PSYoungGen      total 343040K, used 40029K [0x00000000e0000000, 0x00000000f8c80000, 0x0000000100000000)
  eden space 296448K, 0% used [0x00000000e0000000,0x00000000e0000000,0x00000000f2180000)
  from space 46592K, 85% used [0x00000000f5480000,0x00000000f7b97560,0x00000000f8200000)
  to   space 52224K, 0% used [0x00000000f2180000,0x00000000f2180000,0x00000000f5480000)
 ParOldGen       total 98304K, used 70378K [0x00000000a0000000, 0x00000000a6000000, 0x00000000e0000000)
  object space 98304K, 71% used [0x00000000a0000000,0x00000000a44bab80,0x00000000a6000000)
 Metaspace       used 76640K, capacity 79546K, committed 79744K, reserved 1118208K
  class space    used 9963K, capacity 10574K, committed 10624K, reserved 1048576K
}
Event: 182.466 GC heap before
{Heap before GC invocations=22 (full 3):
 PSYoungGen      total 343040K, used 336399K [0x00000000e0000000, 0x00000000f8c80000, 0x0000000100000000)
  eden space 296448K, 99% used [0x00000000e0000000,0x00000000f216c908,0x00000000f2180000)
  from space 46592K, 85% used [0x00000000f5480000,0x00000000f7b97560,0x00000000f8200000)
  to   space 52224K, 0% used [0x00000000f2180000,0x00000000f2180000,0x00000000f5480000)
 ParOldGen       total 98304K, used 70378K [0x00000000a0000000, 0x00000000a6000000, 0x00000000e0000000)
  object space 98304K, 71% used [0x00000000a0000000,0x00000000a44bab80,0x00000000a6000000)
 Metaspace       used 76692K, capacity 79626K, committed 79744K, reserved 1118208K
  class space    used 9968K, capacity 10578K, committed 10624K, reserved 1048576K
Event: 182.538 GC heap after
Heap after GC invocations=22 (full 3):
 PSYoungGen      total 348672K, used 28063K [0x00000000e0000000, 0x00000000fed00000, 0x0000000100000000)
  eden space 296448K, 0% used [0x00000000e0000000,0x00000000e0000000,0x00000000f2180000)
  from space 52224K, 53% used [0x00000000f2180000,0x00000000f3ce7ce8,0x00000000f5480000)
  to   space 52224K, 0% used [0x00000000fba00000,0x00000000fba00000,0x00000000fed00000)
 ParOldGen       total 98304K, used 70386K [0x00000000a0000000, 0x00000000a6000000, 0x00000000e0000000)
  object space 98304K, 71% used [0x00000000a0000000,0x00000000a44bcb80,0x00000000a6000000)
 Metaspace       used 76692K, capacity 79626K, committed 79744K, reserved 1118208K
  class space    used 9968K, capacity 10578K, committed 10624K, reserved 1048576K
}
Event: 430.986 GC heap before
{Heap before GC invocations=23 (full 3):
 PSYoungGen      total 348672K, used 324511K [0x00000000e0000000, 0x00000000fed00000, 0x0000000100000000)
  eden space 296448K, 100% used [0x00000000e0000000,0x00000000f2180000,0x00000000f2180000)
  from space 52224K, 53% used [0x00000000f2180000,0x00000000f3ce7ce8,0x00000000f5480000)
  to   space 52224K, 0% used [0x00000000fba00000,0x00000000fba00000,0x00000000fed00000)
 ParOldGen       total 98304K, used 70386K [0x00000000a0000000, 0x00000000a6000000, 0x00000000e0000000)
  object space 98304K, 71% used [0x00000000a0000000,0x00000000a44bcb80,0x00000000a6000000)
 Metaspace       used 82932K, capacity 86456K, committed 86656K, reserved 1124352K
  class space    used 10733K, capacity 11522K, committed 11648K, reserved 1048576K
Event: 431.358 GC heap after
Heap after GC invocations=23 (full 3):
 PSYoungGen      total 448000K, used 42338K [0x00000000e0000000, 0x00000000ff200000, 0x0000000100000000)
  eden space 395776K, 0% used [0x00000000e0000000,0x00000000e0000000,0x00000000f8280000)
  from space 52224K, 81% used [0x00000000fba00000,0x00000000fe358a38,0x00000000fed00000)
  to   space 56832K, 0% used [0x00000000f8280000,0x00000000f8280000,0x00000000fba00000)
 ParOldGen       total 98304K, used 75255K [0x00000000a0000000, 0x00000000a6000000, 0x00000000e0000000)
  object space 98304K, 76% used [0x00000000a0000000,0x00000000a497dd30,0x00000000a6000000)
 Metaspace       used 82932K, capacity 86456K, committed 86656K, reserved 1124352K
  class space    used 10733K, capacity 11522K, committed 11648K, reserved 1048576K
}
Event: 4441.436 GC heap before
{Heap before GC invocations=24 (full 3):
 PSYoungGen      total 448000K, used 438114K [0x00000000e0000000, 0x00000000ff200000, 0x0000000100000000)
  eden space 395776K, 100% used [0x00000000e0000000,0x00000000f8280000,0x00000000f8280000)
  from space 52224K, 81% used [0x00000000fba00000,0x00000000fe358a38,0x00000000fed00000)
  to   space 56832K, 0% used [0x00000000f8280000,0x00000000f8280000,0x00000000fba00000)
 ParOldGen       total 98304K, used 75255K [0x00000000a0000000, 0x00000000a6000000, 0x00000000e0000000)
  object space 98304K, 76% used [0x00000000a0000000,0x00000000a497dd30,0x00000000a6000000)
 Metaspace       used 88269K, capacity 92322K, committed 92672K, reserved 1130496K
  class space    used 11280K, capacity 12170K, committed 12288K, reserved 1048576K
Event: 4442.036 GC heap after
Heap after GC invocations=24 (full 3):
 PSYoungGen      total 452608K, used 29717K [0x00000000e0000000, 0x0000000100000000, 0x0000000100000000)
  eden space 395776K, 0% used [0x00000000e0000000,0x00000000e0000000,0x00000000f8280000)
  from space 56832K, 52% used [0x00000000f8280000,0x00000000f9f85668,0x00000000fba00000)
  to   space 55808K, 0% used [0x00000000fc980000,0x00000000fc980000,0x0000000100000000)
 ParOldGen       total 98304K, used 97111K [0x00000000a0000000, 0x00000000a6000000, 0x00000000e0000000)
  object space 98304K, 98% used [0x00000000a0000000,0x00000000a5ed5e80,0x00000000a6000000)
 Metaspace       used 88269K, capacity 92322K, committed 92672K, reserved 1130496K
  class space    used 11280K, capacity 12170K, committed 12288K, reserved 1048576K
}
Event: 4442.036 GC heap before
{Heap before GC invocations=25 (full 4):
 PSYoungGen      total 452608K, used 29717K [0x00000000e0000000, 0x0000000100000000, 0x0000000100000000)
  eden space 395776K, 0% used [0x00000000e0000000,0x00000000e0000000,0x00000000f8280000)
  from space 56832K, 52% used [0x00000000f8280000,0x00000000f9f85668,0x00000000fba00000)
  to   space 55808K, 0% used [0x00000000fc980000,0x00000000fc980000,0x0000000100000000)
 ParOldGen       total 98304K, used 97111K [0x00000000a0000000, 0x00000000a6000000, 0x00000000e0000000)
  object space 98304K, 98% used [0x00000000a0000000,0x00000000a5ed5e80,0x00000000a6000000)
 Metaspace       used 88269K, capacity 92322K, committed 92672K, reserved 1130496K
  class space    used 11280K, capacity 12170K, committed 12288K, reserved 1048576K
Event: 4453.684 GC heap after
Heap after GC invocations=25 (full 4):
 PSYoungGen      total 452608K, used 0K [0x00000000e0000000, 0x0000000100000000, 0x0000000100000000)
  eden space 395776K, 0% used [0x00000000e0000000,0x00000000e0000000,0x00000000f8280000)
  from space 56832K, 0% used [0x00000000f8280000,0x00000000f8280000,0x00000000fba00000)
  to   space 55808K, 0% used [0x00000000fc980000,0x00000000fc980000,0x0000000100000000)
 ParOldGen       total 126976K, used 46251K [0x00000000a0000000, 0x00000000a7c00000, 0x00000000e0000000)
  object space 126976K, 36% used [0x00000000a0000000,0x00000000a2d2ac18,0x00000000a7c00000)
 Metaspace       used 86125K, capacity 88992K, committed 92672K, reserved 1130496K
  class space    used 10842K, capacity 11499K, committed 12288K, reserved 1048576K
}

